build/app/outputs/mapping/release/seeds.txt
com.example.tlubook.MainActivity
com.example.tlubook.MainActivity: MainActivity()
...
androidx.window.R$attr: int splitRatio
androidx.window.embedding.ActivityStack: boolean isEmpty
io.flutter.embedding.engine.renderer.SurfaceTextureWrapper: boolean attached
androidx.window.R$id: int rtl
androidx.window.R$attr: int alwaysExpand
io.flutter.view.AccessibilityViewEmbedder: int nextFlutterId
androidx.window.layout.FoldingFeature$Orientation: androidx.window.layout.FoldingFeature$Orientation$Companion Companion
androidx.window.layout.WindowInfoTrackerImpl$windowLayoutInfo$1: java.lang.Object L$0
androidx.window.layout.ExtensionWindowLayoutInfoBackend: java.util.concurrent.locks.ReentrantLock extensionWindowBackendLock
androidx.window.R$attr: int clearTop
kotlin.coroutines.jvm.internal.ContinuationImpl: kotlin.coroutines.CoroutineContext _context
androidx.window.layout.SidecarWindowBackend$WindowLayoutChangeCallbackWrapper: androidx.window.layout.WindowLayoutInfo lastInfo
io.flutter.plugin.editing.ImeSyncDeferringInsetsCallback: io.flutter.plugin.editing.ImeSyncDeferringInsetsCallback$ImeVisibleListener imeVisibleListener
androidx.window.embedding.ActivityFilter: java.lang.String intentAction
androidx.window.embedding.SplitRule: int layoutDirection
androidx.window.embedding.SplitPairFilter: android.content.ComponentName primaryActivityName
io.flutter.embedding.engine.renderer.SurfaceTextureWrapper: android.graphics.SurfaceTexture surfaceTexture
androidx.window.layout.SidecarAdapter: java.lang.String TAG
kotlinx.coroutines.internal.DispatchedContinuation: java.lang.Object _reusableCancellableContinuation
androidx.window.embedding.SplitInfo: androidx.window.embedding.ActivityStack primaryActivityStack
kotlinx.coroutines.internal.LockFreeLinkedListNode: java.lang.Object _removedRef
kotlinx.coroutines.DefaultExecutor: java.lang.Thread _thread
androidx.window.core.Bounds: int left
androidx.window.embedding.ExtensionEmbeddingBackend: androidx.window.embedding.ExtensionEmbeddingBackend$EmbeddingCallbackImpl splitInfoEmbeddingCallback
androidx.window.R$styleable: int SplitPlaceholderRule_splitRatio
io.flutter.plugins.GeneratedPluginRegistrant: java.lang.String TAG
io.flutter.plugin.platform.SingleViewPresentation: android.content.Context outerContext
androidx.window.R$styleable: int SplitPlaceholderRule_splitLayoutDirection
kotlinx.coroutines.internal.LockFreeTaskQueueCore: long _state
androidx.window.embedding.SplitController: androidx.window.embedding.SplitController globalInstance
io.flutter.embedding.engine.FlutterJNI: io.flutter.embedding.engine.deferredcomponents.DeferredComponentManager deferredComponentManager
io.flutter.embedding.android.FlutterSplashView$SavedState: android.os.Parcelable$Creator CREATOR
androidx.lifecycle.Lifecycle$Event: androidx.lifecycle.Lifecycle$Event ON_START
androidx.window.embedding.ActivityStack: java.util.List activities
androidx.window.R$styleable: int SplitPairRule_splitMinWidth
androidx.window.R$attr: int splitMinWidth
androidx.window.R$styleable: int SplitPairRule_splitMinSmallestWidth
androidx.window.layout.ExtensionsWindowLayoutInfoAdapter: androidx.window.layout.ExtensionsWindowLayoutInfoAdapter INSTANCE
androidx.window.layout.WindowInfoTrackerImpl: androidx.window.layout.WindowMetricsCalculator windowMetricsCalculator
io.flutter.embedding.engine.FlutterJNI: io.flutter.plugin.localization.LocalizationPlugin localizationPlugin
kotlinx.coroutines.DispatchedCoroutine: int _decision
androidx.window.R$styleable: int[] ActivityFilter
androidx.window.R$attr: int secondaryActivityName
androidx.window.layout.WindowInfoTracker$Companion: boolean DEBUG
kotlin.jvm.internal.FunctionReference: int arity
androidx.window.layout.HardwareFoldingFeature$Type: androidx.window.layout.HardwareFoldingFeature$Type$Companion Companion
androidx.window.layout.SidecarCompat$registerConfigurationChangeListener$configChangeObserver$1: android.app.Activity $activity
io.flutter.embedding.engine.FlutterJNI: float refreshRateFPS
androidx.window.layout.WindowInfoTrackerImpl: int BUFFER_CAPACITY