build/app/outputs/mapping/release/mapping.txt
# compiler: R8
# compiler_version: 3.3.70
# min_api: 19
# common_typos_disable
# {"id":"com.android.tools.r8.mapping","version":"2.0"}
# pg_map_id: 5b711ad
# pg_map_hash: SHA-256 5b711ad06ce9963c951a9defc796eec20dde48e4d828dd3e91c835efe8bc2398
...
io.flutter.embedding.engine.FlutterJNI$AsyncWaitForVsyncDelegate -> io.flutter.embedding.engine.FlutterJNI$b:
    void asyncWaitForVsync(long) -> a
io.flutter.embedding.engine.FlutterJNI$Factory -> io.flutter.embedding.engine.FlutterJNI$c:
    io.flutter.embedding.engine.FlutterJNI provideFlutterJNI() -> a
io.flutter.embedding.engine.FlutterShellArgs -> io.flutter.embedding.engine.h:
    java.util.Set args -> a
    io.flutter.embedding.engine.FlutterShellArgs fromIntent(android.content.Intent) -> a
    java.lang.String[] toArray() -> b
io.flutter.embedding.engine.dart.DartExecutor -> k.a:
    io.flutter.embedding.engine.FlutterJNI flutterJNI -> a
    io.flutter.embedding.engine.dart.DartExecutor$IsolateServiceIdListener isolateServiceIdListener -> g
    java.lang.String isolateServiceId -> f
    io.flutter.embedding.engine.dart.DartMessenger dartMessenger -> c
    io.flutter.plugin.common.BinaryMessenger$BinaryMessageHandler isolateChannelMessageHandler -> h
    android.content.res.AssetManager assetManager -> b
    boolean isApplicationRunning -> e
    io.flutter.plugin.common.BinaryMessenger binaryMessenger -> d
    io.flutter.plugin.common.BinaryMessenger$TaskQueue makeBackgroundTaskQueue(io.flutter.plugin.common.BinaryMessenger$TaskQueueOptions) -> a
    void setMessageHandler(java.lang.String,io.flutter.plugin.common.BinaryMessenger$BinaryMessageHandler,io.flutter.plugin.common.BinaryMessenger$TaskQueue) -> b
    void send(java.lang.String,java.nio.ByteBuffer) -> c
    java.lang.String access$000(io.flutter.embedding.engine.dart.DartExecutor) -> d
    io.flutter.plugin.common.BinaryMessenger$TaskQueue makeBackgroundTaskQueue() -> e
      # {"id":"com.android.tools.r8.synthesized"}
    java.lang.String access$002(io.flutter.embedding.engine.dart.DartExecutor,java.lang.String) -> f
    void setMessageHandler(java.lang.String,io.flutter.plugin.common.BinaryMessenger$BinaryMessageHandler) -> g
    void send(java.lang.String,java.nio.ByteBuffer,io.flutter.plugin.common.BinaryMessenger$BinaryReply) -> h
io.flutter.embedding.engine.dart.DartExecutor$1 -> k.a$a:
    io.flutter.embedding.engine.dart.DartExecutor this$0 -> a
    void onMessage(java.nio.ByteBuffer,io.flutter.plugin.common.BinaryMessenger$BinaryReply) -> a
io.flutter.embedding.engine.dart.DartExecutor$DartEntrypoint -> k.a$b:
    java.lang.String pathToBundle -> a
    java.lang.String dartEntrypointFunctionName -> c
    java.lang.String dartEntrypointLibrary -> b
    io.flutter.embedding.engine.dart.DartExecutor$DartEntrypoint createDefault() -> a
io.flutter.embedding.engine.dart.DartExecutor$DefaultBinaryMessenger -> k.a$c:
    io.flutter.embedding.engine.dart.DartMessenger messenger -> a
    io.flutter.plugin.common.BinaryMessenger$TaskQueue makeBackgroundTaskQueue(io.flutter.plugin.common.BinaryMessenger$TaskQueueOptions) -> a
    void setMessageHandler(java.lang.String,io.flutter.plugin.common.BinaryMessenger$BinaryMessageHandler,io.flutter.plugin.common.BinaryMessenger$TaskQueue) -> b
    void send(java.lang.String,java.nio.ByteBuffer) -> c
    io.flutter.plugin.common.BinaryMessenger$TaskQueue makeBackgroundTaskQueue() -> e
      # {"id":"com.android.tools.r8.synthesized"}
    void setMessageHandler(java.lang.String,io.flutter.plugin.common.BinaryMessenger$BinaryMessageHandler) -> g
    void send(java.lang.String,java.nio.ByteBuffer,io.flutter.plugin.common.BinaryMessenger$BinaryReply) -> h
io.flutter.embedding.engine.dart.DartExecutor$IsolateServiceIdListener -> k.a$d:
    void onIsolateServiceIdAvailable(java.lang.String) -> a