build/app/outputs/mapping/release/usage.txt
com.example.tlubook.BuildConfig
com.example.tlubook.R$attr
com.example.tlubook.R$color
com.example.tlubook.R$dimen
com.example.tlubook.R$drawable
com.example.tlubook.R$id
com.example.tlubook.R$integer
com.example.tlubook.R$layout
com.example.tlubook.R$mipmap
com.example.tlubook.R$string
com.example.tlubook.R$style
com.example.tlubook.R$styleable
com.example.tlubook.R
...
kotlinx.coroutines.channels.TickerChannelsKt
kotlinx.coroutines.channels.TickerMode
kotlinx.coroutines.debug.AgentPremain$DebugProbesTransformer
kotlinx.coroutines.debug.AgentPremain
kotlinx.coroutines.debug.internal.AgentInstallationType
kotlinx.coroutines.debug.internal.ConcurrentWeakMap$Core$KeyValueIterator
kotlinx.coroutines.debug.internal.ConcurrentWeakMap$Core
kotlinx.coroutines.debug.internal.ConcurrentWeakMap$Entry
kotlinx.coroutines.debug.internal.ConcurrentWeakMap$KeyValueSet
kotlinx.coroutines.debug.internal.ConcurrentWeakMap$entries$1
kotlinx.coroutines.debug.internal.ConcurrentWeakMap$keys$1
kotlinx.coroutines.debug.internal.ConcurrentWeakMap
kotlinx.coroutines.debug.internal.ConcurrentWeakMapKt
kotlinx.coroutines.debug.internal.DebugCoroutineInfo
kotlinx.coroutines.debug.internal.DebugCoroutineInfoImpl$creationStackTrace$1
kotlinx.coroutines.debug.internal.DebugCoroutineInfoImpl$yieldFrames$1
kotlinx.coroutines.debug.internal.DebugCoroutineInfoImpl
kotlinx.coroutines.debug.internal.DebugCoroutineInfoImplKt
kotlinx.coroutines.debug.internal.DebugProbesImpl$CoroutineOwner
kotlinx.coroutines.debug.internal.DebugProbesImpl$SequenceNumberRefVolatile
kotlinx.coroutines.debug.internal.DebugProbesImpl$dumpCoroutinesInfo$$inlined$dumpCoroutinesInfoImpl$1
kotlinx.coroutines.debug.internal.DebugProbesImpl$dumpCoroutinesInfoImpl$1$3
kotlinx.coroutines.debug.internal.DebugProbesImpl$dumpCoroutinesInfoImpl$lambda-12$$inlined$sortedBy$1
kotlinx.coroutines.debug.internal.DebugProbesImpl$dumpCoroutinesSynchronized$1$2
kotlinx.coroutines.debug.internal.DebugProbesImpl$dumpCoroutinesSynchronized$lambda-19$$inlined$sortedBy$1
kotlinx.coroutines.debug.internal.DebugProbesImpl$dumpDebuggerInfo$$inlined$dumpCoroutinesInfoImpl$1
kotlinx.coroutines.debug.internal.DebugProbesImpl$startWeakRefCleanerThread$1
kotlinx.coroutines.debug.internal.DebugProbesImpl
kotlinx.coroutines.debug.internal.DebugProbesKt
kotlinx.coroutines.debug.internal.DebuggerInfo
kotlinx.coroutines.debug.internal.HashedWeakRef
kotlinx.coroutines.debug.internal.Marked
kotlinx.coroutines.debug.internal.StackTraceFrame
kotlinx.coroutines.flow.CallbackFlowBuilder$collectTo$1
kotlinx.coroutines.flow.CallbackFlowBuilder
kotlinx.coroutines.flow.CancellableFlow
kotlinx.coroutines.flow.CancellableFlowImpl$collect$2$emit$1
kotlinx.coroutines.flow.CancellableFlowImpl$collect$2
kotlinx.coroutines.flow.CancellableFlowImpl
kotlinx.coroutines.flow.ChannelAsFlow
kotlinx.coroutines.flow.ChannelFlowBuilder
kotlinx.coroutines.flow.DistinctFlowImpl$collect$2$emit$1
kotlinx.coroutines.flow.DistinctFlowImpl$collect$2
kotlinx.coroutines.flow.DistinctFlowImpl
kotlinx.coroutines.flow.EmptyFlow